1531489580615	geckodriver	INFO	geckodriver 0.21.0
1531489580670	geckodriver	INFO	Listening on 127.0.0.1:57810
1531489580848	mozrunner::runner	INFO	Running command: "/Applications/Firefox.app/Contents/MacOS/firefox-bin" "-marionette" "-foreground" "-no-remote" "-profile" "/var/folders/zj/4qtrrbsx739gyq6vrwqj8c7r0000gp/T/rust_mozprofile.I2mLigUoYawa"
2018-07-13 19:16:26.670 plugin-container[24066:1355530] *** CFMessagePort: bootstrap_register(): failed 1100 (0x44c) 'Permission denied', port = 0x6d03, name = 'com.apple.tsm.portname'
See /usr/include/servers/bootstrap_defs.h for the error codes.
1531489591723	Marionette	INFO	Listening on port 57823
1531489591818	Marionette	WARN	TLS certificate errors will be ignored for this session
2018-07-13 19:16:31.946 plugin-container[24069:1355706] *** CFMessagePort: bootstrap_register(): failed 1100 (0x44c) 'Permission denied', port = 0x6f07, name = 'com.apple.tsm.portname'
See /usr/include/servers/bootstrap_defs.h for the error codes.
JavaScript warning: https://a0.muscache.com/airbnb/static/client/packages/hypernova/spa/spa.bundle-0e5346ce927050659d3d.js, line 1: unreachable code after return statement
JavaScript warning: https://a0.muscache.com/airbnb/static/client/packages/hypernova/spa/spa.bundle-0e5346ce927050659d3d.js, line 1: unreachable code after return statement
1531489926784	geckodriver	INFO	geckodriver 0.21.0
1531489926792	geckodriver	INFO	Listening on 127.0.0.1:58338
1531489927729	mozrunner::runner	INFO	Running command: "/Applications/Firefox.app/Contents/MacOS/firefox-bin" "-marionette" "-foreground" "-no-remote" "-profile" "/var/folders/zj/4qtrrbsx739gyq6vrwqj8c7r0000gp/T/rust_mozprofile.AKYtmULZNDaY"
2018-07-13 19:22:11.178 plugin-container[24114:1359808] *** CFMessagePort: bootstrap_register(): failed 1100 (0x44c) 'Permission denied', port = 0x7007, name = 'com.apple.tsm.portname'
See /usr/include/servers/bootstrap_defs.h for the error codes.
2018-07-13 19:22:12.253 plugin-container[24115:1359905] *** CFMessagePort: bootstrap_register(): failed 1100 (0x44c) 'Permission denied', port = 0x8143, name = 'com.apple.tsm.portname'
See /usr/include/servers/bootstrap_defs.h for the error codes.
1531489932383	Marionette	INFO	Listening on port 58349
1531489932519	Marionette	WARN	TLS certificate errors will be ignored for this session
JavaScript warning: https://a0.muscache.com/airbnb/static/client/packages/hypernova/spa/spa.bundle-0e5346ce927050659d3d.js, line 1: unreachable code after return statement
JavaScript warning: https://a0.muscache.com/airbnb/static/client/packages/hypernova/spa/spa.bundle-0e5346ce927050659d3d.js, line 1: unreachable code after return statement
JavaScript error: resource://devtools/shared/base-loader.js -> resource://devtools/server/actors/inspector/walker.js, line 283: TypeError: this._refMap is null
JavaScript error: resource://devtools/shared/base-loader.js -> resource://devtools/server/actors/highlighters/auto-refresh.js, line 201: TypeError: this.win is null
JavaScript error: resource://devtools/shared/base-loader.js -> resource://devtools/server/actors/highlighters/auto-refresh.js, line 201: TypeError: this.win is null
JavaScript error: resource://devtools/shared/base-loader.js -> resource://devtools/server/actors/highlighters/auto-refresh.js, line 201: TypeError: this.win is null
1531490224571	geckodriver	INFO	geckodriver 0.21.0
1531490224579	geckodriver	INFO	Listening on 127.0.0.1:58486
1531490225583	mozrunner::runner	INFO	Running command: "/Applications/Firefox.app/Contents/MacOS/firefox-bin" "-marionette" "-foreground" "-no-remote" "-profile" "/var/folders/zj/4qtrrbsx739gyq6vrwqj8c7r0000gp/T/rust_mozprofile.2mhKQEfHsGCU"
2018-07-13 19:27:07.935 plugin-container[24129:1362088] *** CFMessagePort: bootstrap_register(): failed 1100 (0x44c) 'Permission denied', port = 0x743f, name = 'com.apple.tsm.portname'
See /usr/include/servers/bootstrap_defs.h for the error codes.
1531490228446	Marionette	INFO	Listening on port 58497
1531490228470	Marionette	WARN	TLS certificate errors will be ignored for this session
2018-07-13 19:27:09.437 plugin-container[24130:1362163] *** CFMessagePort: bootstrap_register(): failed 1100 (0x44c) 'Permission denied', port = 0x750b, name = 'com.apple.tsm.portname'
See /usr/include/servers/bootstrap_defs.h for the error codes.
JavaScript warning: https://a0.muscache.com/airbnb/static/client/packages/hypernova/spa/spa.bundle-0e5346ce927050659d3d.js, line 1: unreachable code after return statement
1531490252414	geckodriver	INFO	geckodriver 0.21.0
1531490252440	geckodriver	INFO	Listening on 127.0.0.1:58607
1531490253418	mozrunner::runner	INFO	Running command: "/Applications/Firefox.app/Contents/MacOS/firefox-bin" "-marionette" "-foreground" "-no-remote" "-profile" "/var/folders/zj/4qtrrbsx739gyq6vrwqj8c7r0000gp/T/rust_mozprofile.h87ETeWRveJZ"
2018-07-13 19:27:36.463 plugin-container[24134:1362565] *** CFMessagePort: bootstrap_register(): failed 1100 (0x44c) 'Permission denied', port = 0x8743, name = 'com.apple.tsm.portname'
See /usr/include/servers/bootstrap_defs.h for the error codes.
*** UTM:SVC TimerManager:registerTimer called after profile-before-change notification. Ignoring timer registration for id: telemetry_modules_ping
2018-07-13 19:27:37.432 plugin-container[24135:1362696] *** CFMessagePort: bootstrap_register(): failed 1100 (0x44c) 'Permission denied', port = 0x763b, name = 'com.apple.tsm.portname'
See /usr/include/servers/bootstrap_defs.h for the error codes.
1531490257697	Marionette	INFO	Listening on port 58618
1531490257779	Marionette	WARN	TLS certificate errors will be ignored for this session
JavaScript warning: https://a0.muscache.com/airbnb/static/client/packages/hypernova/spa/spa.bundle-0e5346ce927050659d3d.js, line 1: unreachable code after return statement
1531490372582	geckodriver	INFO	geckodriver 0.21.0
1531490372591	geckodriver	INFO	Listening on 127.0.0.1:58748
1531490373598	mozrunner::runner	INFO	Running command: "/Applications/Firefox.app/Contents/MacOS/firefox-bin" "-marionette" "-foreground" "-no-remote" "-profile" "/var/folders/zj/4qtrrbsx739gyq6vrwqj8c7r0000gp/T/rust_mozprofile.Q7DEzo0BQvFU"
2018-07-13 19:29:35.183 plugin-container[24142:1363625] *** CFMessagePort: bootstrap_register(): failed 1100 (0x44c) 'Permission denied', port = 0x753f, name = 'com.apple.tsm.portname'
See /usr/include/servers/bootstrap_defs.h for the error codes.
1531490375729	Marionette	INFO	Listening on port 58759
1531490375767	Marionette	WARN	TLS certificate errors will be ignored for this session
2018-07-13 19:29:36.133 plugin-container[24143:1363725] *** CFMessagePort: bootstrap_register(): failed 1100 (0x44c) 'Permission denied', port = 0x8903, name = 'com.apple.tsm.portname'
See /usr/include/servers/bootstrap_defs.h for the error codes.
JavaScript warning: https://a0.muscache.com/airbnb/static/client/packages/hypernova/spa/spa.bundle-0e5346ce927050659d3d.js, line 1: unreachable code after return statement
1531490501219	geckodriver	INFO	geckodriver 0.21.0
1531490501227	geckodriver	INFO	Listening on 127.0.0.1:58866
1531490502255	mozrunner::runner	INFO	Running command: "/Applications/Firefox.app/Contents/MacOS/firefox-bin" "-marionette" "-foreground" "-no-remote" "-profile" "/var/folders/zj/4qtrrbsx739gyq6vrwqj8c7r0000gp/T/rust_mozprofile.moetmHamZrCu"
2018-07-13 19:31:45.012 plugin-container[24152:1364798] *** CFMessagePort: bootstrap_register(): failed 1100 (0x44c) 'Permission denied', port = 0x6f07, name = 'com.apple.tsm.portname'
See /usr/include/servers/bootstrap_defs.h for the error codes.
2018-07-13 19:31:45.903 plugin-container[24153:1364855] *** CFMessagePort: bootstrap_register(): failed 1100 (0x44c) 'Permission denied', port = 0x8a3f, name = 'com.apple.tsm.portname'
See /usr/include/servers/bootstrap_defs.h for the error codes.
1531490505925	Marionette	INFO	Listening on port 58877
1531490506084	Marionette	WARN	TLS certificate errors will be ignored for this session
JavaScript warning: https://a0.muscache.com/airbnb/static/client/packages/hypernova/spa/spa.bundle-0e5346ce927050659d3d.js, line 1: unreachable code after return statement
1531490544745	geckodriver	INFO	geckodriver 0.21.0
1531490544753	geckodriver	INFO	Listening on 127.0.0.1:59006
1531490545768	mozrunner::runner	INFO	Running command: "/Applications/Firefox.app/Contents/MacOS/firefox-bin" "-marionette" "-foreground" "-no-remote" "-profile" "/var/folders/zj/4qtrrbsx739gyq6vrwqj8c7r0000gp/T/rust_mozprofile.rtLlOlGKxid3"
2018-07-13 19:32:28.450 plugin-container[24159:1365479] *** CFMessagePort: bootstrap_register(): failed 1100 (0x44c) 'Permission denied', port = 0x773f, name = 'com.apple.tsm.portname'
See /usr/include/servers/bootstrap_defs.h for the error codes.
2018-07-13 19:32:29.501 plugin-container[24160:1365534] *** CFMessagePort: bootstrap_register(): failed 1100 (0x44c) 'Permission denied', port = 0x7a43, name = 'com.apple.tsm.portname'
See /usr/include/servers/bootstrap_defs.h for the error codes.
1531490549601	Marionette	INFO	Listening on port 59017
1531490549672	Marionette	WARN	TLS certificate errors will be ignored for this session
JavaScript warning: https://a0.muscache.com/airbnb/static/client/packages/hypernova/spa/spa.bundle-0e5346ce927050659d3d.js, line 1: unreachable code after return statement
1531490657269	geckodriver	INFO	geckodriver 0.21.0
1531490657300	geckodriver	INFO	Listening on 127.0.0.1:59172
1531490658273	mozrunner::runner	INFO	Running command: "/Applications/Firefox.app/Contents/MacOS/firefox-bin" "-marionette" "-foreground" "-no-remote" "-profile" "/var/folders/zj/4qtrrbsx739gyq6vrwqj8c7r0000gp/T/rust_mozprofile.FSyfwM7dTucj"
2018-07-13 19:34:23.072 plugin-container[24165:1367007] *** CFMessagePort: bootstrap_register(): failed 1100 (0x44c) 'Permission denied', port = 0x7543, name = 'com.apple.tsm.portname'
See /usr/include/servers/bootstrap_defs.h for the error codes.
1531490665195	Marionette	INFO	Listening on port 59183
1531490665351	Marionette	WARN	TLS certificate errors will be ignored for this session
2018-07-13 19:34:28.749 plugin-container[24167:1367141] *** CFMessagePort: bootstrap_register(): failed 1100 (0x44c) 'Permission denied', port = 0x8f03, name = 'com.apple.tsm.portname'
See /usr/include/servers/bootstrap_defs.h for the error codes.
JavaScript warning: https://a0.muscache.com/airbnb/static/client/packages/hypernova/spa/spa.bundle-0e5346ce927050659d3d.js, line 1: unreachable code after return statement
1531490717156	geckodriver	INFO	geckodriver 0.21.0
1531490717164	geckodriver	INFO	Listening on 127.0.0.1:59340
1531490718156	mozrunner::runner	INFO	Running command: "/Applications/Firefox.app/Contents/MacOS/firefox-bin" "-marionette" "-foreground" "-no-remote" "-profile" "/var/folders/zj/4qtrrbsx739gyq6vrwqj8c7r0000gp/T/rust_mozprofile.vfY8dyrhrZib"
2018-07-13 19:35:20.332 plugin-container[24170:1367649] *** CFMessagePort: bootstrap_register(): failed 1100 (0x44c) 'Permission denied', port = 0x7f03, name = 'com.apple.tsm.portname'
See /usr/include/servers/bootstrap_defs.h for the error codes.
1531490720841	Marionette	INFO	Listening on port 59351
1531490720926	Marionette	WARN	TLS certificate errors will be ignored for this session
2018-07-13 19:35:21.318 plugin-container[24171:1367717] *** CFMessagePort: bootstrap_register(): failed 1100 (0x44c) 'Permission denied', port = 0x793f, name = 'com.apple.tsm.portname'
See /usr/include/servers/bootstrap_defs.h for the error codes.
JavaScript warning: https://a0.muscache.com/airbnb/static/client/packages/hypernova/spa/spa.bundle-0e5346ce927050659d3d.js, line 1: unreachable code after return statement
1531505627208	geckodriver	INFO	geckodriver 0.21.0
1531505627216	geckodriver	INFO	Listening on 127.0.0.1:59594
1531505628197	mozrunner::runner	INFO	Running command: "/Applications/Firefox.app/Contents/MacOS/firefox-bin" "-marionette" "-foreground" "-no-remote" "-profile" "/var/folders/zj/4qtrrbsx739gyq6vrwqj8c7r0000gp/T/rust_mozprofile.tFLCC6TOv7o9"
2018-07-13 23:43:52.101 plugin-container[24276:1376989] *** CFMessagePort: bootstrap_register(): failed 1100 (0x44c) 'Permission denied', port = 0x8e3f, name = 'com.apple.tsm.portname'
See /usr/include/servers/bootstrap_defs.h for the error codes.
1531505633031	Marionette	INFO	Listening on port 59605
1531505633105	Marionette	WARN	TLS certificate errors will be ignored for this session
2018-07-13 23:43:53.264 plugin-container[24277:1377043] *** CFMessagePort: bootstrap_register(): failed 1100 (0x44c) 'Permission denied', port = 0x893f, name = 'com.apple.tsm.portname'
See /usr/include/servers/bootstrap_defs.h for the error codes.
JavaScript warning: https://a0.muscache.com/airbnb/static/client/packages/hypernova/spa/spa.bundle-0e5346ce927050659d3d.js, line 1: unreachable code after return statement
1531505706317	geckodriver	INFO	geckodriver 0.21.0
1531505706350	geckodriver	INFO	Listening on 127.0.0.1:59735
1531505707345	mozrunner::runner	INFO	Running command: "/Applications/Firefox.app/Contents/MacOS/firefox-bin" "-marionette" "-foreground" "-no-remote" "-profile" "/var/folders/zj/4qtrrbsx739gyq6vrwqj8c7r0000gp/T/rust_mozprofile.NNXSU2qk1Yzu"
2018-07-13 23:45:11.167 plugin-container[24283:1377862] *** CFMessagePort: bootstrap_register(): failed 1100 (0x44c) 'Permission denied', port = 0x8503, name = 'com.apple.tsm.portname'
See /usr/include/servers/bootstrap_defs.h for the error codes.
2018-07-13 23:45:12.346 plugin-container[24284:1377953] *** CFMessagePort: bootstrap_register(): failed 1100 (0x44c) 'Permission denied', port = 0x8c43, name = 'com.apple.tsm.portname'
See /usr/include/servers/bootstrap_defs.h for the error codes.
1531505712571	Marionette	INFO	Listening on port 59746
1531505712690	Marionette	WARN	TLS certificate errors will be ignored for this session
JavaScript warning: https://a0.muscache.com/airbnb/static/client/packages/hypernova/spa/spa.bundle-0e5346ce927050659d3d.js, line 1: unreachable code after return statement
1531505794038	geckodriver	INFO	geckodriver 0.21.0
1531505794046	geckodriver	INFO	Listening on 127.0.0.1:59886
1531505794960	mozrunner::runner	INFO	Running command: "/Applications/Firefox.app/Contents/MacOS/firefox-bin" "-marionette" "-foreground" "-no-remote" "-profile" "/var/folders/zj/4qtrrbsx739gyq6vrwqj8c7r0000gp/T/rust_mozprofile.kndlctPTpseu"
2018-07-13 23:46:39.631 plugin-container[24300:1379219] *** CFMessagePort: bootstrap_register(): failed 1100 (0x44c) 'Permission denied', port = 0x7543, name = 'com.apple.tsm.portname'
See /usr/include/servers/bootstrap_defs.h for the error codes.
2018-07-13 23:46:40.659 plugin-container[24301:1379275] *** CFMessagePort: bootstrap_register(): failed 1100 (0x44c) 'Permission denied', port = 0x883b, name = 'com.apple.tsm.portname'
See /usr/include/servers/bootstrap_defs.h for the error codes.
1531505801054	Marionette	INFO	Listening on port 59897
1531505801077	Marionette	WARN	TLS certificate errors will be ignored for this session
1531505803008	addons.xpi	WARN	Exception running bootstrap method shutdown on activity-stream@mozilla.org: [Exception... "Component returned failure code: 0x80004005 (NS_ERROR_FAILURE) [nsIObserverService.removeObserver]"  nsresult: "0x80004005 (NS_ERROR_FAILURE)"  location: "JS frame :: resource://activity-stream/lib/SnippetsFeed.jsm :: uninit :: line 185"  data: no] Stack trace: uninit()@resource://activity-stream/lib/SnippetsFeed.jsm:185
onAction()@resource://activity-stream/lib/SnippetsFeed.jsm:201
_middleware/</<()@resource://activity-stream/lib/Store.jsm:49
Store/this[method]()@resource://activity-stream/lib/Store.jsm:28
uninit()@resource://activity-stream/lib/Store.jsm:151
uninit()@resource://activity-stream/lib/ActivityStream.jsm:300
uninit()@resource://gre/modules/addons/XPIProvider.jsm -> jar:file:///Applications/Firefox.app/Contents/Resources/browser/features/activity-stream@mozilla.org.xpi!/bootstrap.js:73
shutdown()@resource://gre/modules/addons/XPIProvider.jsm -> jar:file:///Applications/Firefox.app/Contents/Resources/browser/features/activity-stream@mozilla.org.xpi!/bootstrap.js:169
callBootstrapMethod()@resource://gre/modules/addons/XPIProvider.jsm:4436
observe()@resource://gre/modules/addons/XPIProvider.jsm:2287
*** UTM:SVC TimerManager:registerTimer called after profile-before-change notification. Ignoring timer registration for id: telemetry_modules_ping
1531505839472	geckodriver	INFO	geckodriver 0.21.0
1531505839478	geckodriver	INFO	Listening on 127.0.0.1:59969
1531505840595	mozrunner::runner	INFO	Running command: "/Applications/Firefox.app/Contents/MacOS/firefox-bin" "-marionette" "-foreground" "-no-remote" "-profile" "/var/folders/zj/4qtrrbsx739gyq6vrwqj8c7r0000gp/T/rust_mozprofile.ks2L2EqaCByY"
2018-07-13 23:47:23.672 plugin-container[24304:1379733] *** CFMessagePort: bootstrap_register(): failed 1100 (0x44c) 'Permission denied', port = 0x823f, name = 'com.apple.tsm.portname'
See /usr/include/servers/bootstrap_defs.h for the error codes.
1531505844234	Marionette	INFO	Listening on port 59980
1531505844283	Marionette	WARN	TLS certificate errors will be ignored for this session
2018-07-13 23:47:25.478 plugin-container[24305:1379841] *** CFMessagePort: bootstrap_register(): failed 1100 (0x44c) 'Permission denied', port = 0x753f, name = 'com.apple.tsm.portname'
See /usr/include/servers/bootstrap_defs.h for the error codes.
JavaScript warning: https://a0.muscache.com/airbnb/static/client/packages/hypernova/spa/spa.bundle-0e5346ce927050659d3d.js, line 1: unreachable code after return statement
JavaScript warning: https://a0.muscache.com/airbnb/static/client/packages/hypernova/spa/spa.bundle-0e5346ce927050659d3d.js, line 1: unreachable code after return statement
JavaScript warning: https://a0.muscache.com/airbnb/static/client/packages/hypernova/spa/spa.bundle-0e5346ce927050659d3d.js, line 1: unreachable code after return statement
JavaScript warning: https://a0.muscache.com/airbnb/static/client/packages/hypernova/spa/spa.bundle-0e5346ce927050659d3d.js, line 1: unreachable code after return statement
JavaScript warning: https://a0.muscache.com/airbnb/static/client-webcot-Home_async-async-2af3f9c76165c4167668.js, line 1: unreachable code after return statement
JavaScript warning: https://a0.muscache.com/airbnb/static/client-webcot-Home_async-async-2af3f9c76165c4167668.js, line 1: unreachable code after return statement
JavaScript warning: https://a0.muscache.com/airbnb/static/client-webcot-Home_async-async-2af3f9c76165c4167668.js, line 1: unreachable code after return statement
JavaScript warning: https://a0.muscache.com/airbnb/static/client-webcot-Home_async-async-2af3f9c76165c4167668.js, line 1: unreachable code after return statement
JavaScript warning: https://a0.muscache.com/airbnb/static/client-webcot-Home_async-async-2af3f9c76165c4167668.js, line 1: unreachable code after return statement
JavaScript warning: https://a0.muscache.com/airbnb/static/client-webcot-Home_async-async-2af3f9c76165c4167668.js, line 1: unreachable code after return statement
JavaScript error: resource://devtools/client/jsonview/converter-observer.js, line 72: NS_ERROR_NOT_AVAILABLE: Component returned failure code: 0x80040111 (NS_ERROR_NOT_AVAILABLE) [nsIChannel.contentType]
JavaScript warning: https://a0.muscache.com/airbnb/static/client-webcot-Home_async-async-46bf8d050db043951708.js, line 1: unreachable code after return statement
JavaScript warning: https://a0.muscache.com/airbnb/static/client-webcot-Home_async-async-46bf8d050db043951708.js, line 1: unreachable code after return statement
JavaScript warning: https://a0.muscache.com/airbnb/static/client-webcot-Home_async-async-46bf8d050db043951708.js, line 1: unreachable code after return statement
JavaScript warning: https://a0.muscache.com/airbnb/static/client-webcot-Home_async-async-46bf8d050db043951708.js, line 1: unreachable code after return statement
JavaScript warning: https://a0.muscache.com/airbnb/static/client-webcot-Home_async-async-46bf8d050db043951708.js, line 1: unreachable code after return statement
JavaScript warning: https://a0.muscache.com/airbnb/static/client-webcot-Home_async-async-46bf8d050db043951708.js, line 1: unreachable code after return statement
JavaScript error: https://staticxx.facebook.com/connect/xd_arbiter/r/1e2RywyANNe.js?version=42#channel=fe886c986319&origin=https%3A%2F%2Fwww.airbnb.co.in, line 58: Error: 
JavaScript error: https://a0.muscache.com/airbnb/static/client/packages/manifest.bundle-e32bbee690a6509db94f.js, line 1: Error: Loading chunk 33 failed.
JavaScript warning: https://a0.muscache.com/airbnb/static/client/packages/hypernova/spa/spa.bundle-1e581a2be05c1b23f6c7.js, line 1: unreachable code after return statement
JavaScript warning: https://a0.muscache.com/airbnb/static/client/packages/hypernova/spa/spa.bundle-1e581a2be05c1b23f6c7.js, line 1: unreachable code after return statement
JavaScript warning: https://a0.muscache.com/airbnb/static/client/packages/hypernova/spa/spa.bundle-1e581a2be05c1b23f6c7.js, line 1: unreachable code after return statement
JavaScript warning: https://a0.muscache.com/airbnb/static/client/packages/hypernova/spa/spa.bundle-1e581a2be05c1b23f6c7.js, line 1: unreachable code after return statement
JavaScript error: https://a0.muscache.com/airbnb/static/client/packages/manifest.bundle-e32bbee690a6509db94f.js, line 1: Error: Loading chunk 55 failed.
